Library/Bee/Android/Prj/Mono2x/Gradle/unityLibrary/build/intermediates/manifest_merge_blame_file/release/manifest-merger-blame-release-report.txt
1<?xml version="1.0" encoding="utf-8"?>
2<manifest xmlns:android="http://schemas.android.com/apk/res/android"
3    xmlns:tools="http://schemas.android.com/tools"
4    package="com.unity3d.player" >
5
6    <uses-sdk android:minSdkVersion="26" />
6-->src/main/AndroidManifest.xml
7
8    <uses-feature android:glEsVersion="0x00030000" />
8-->src/main/AndroidManifest.xml:22:3-52
8-->src/main/AndroidManifest.xml:22:17-49
9
10    <uses-permission android:name="android.permission.INTERNET" />
10-->src/main/AndroidManifest.xml:23:3-65
10-->src/main/AndroidManifest.xml:23:20-62
11    <uses-permission android:name="android.permission.WRITE_EXTERNAL_STORAGE" />
11-->src/main/AndroidManifest.xml:24:3-79
11-->src/main/AndroidManifest.xml:24:20-76
12
13    <uses-feature
13-->src/main/AndroidManifest.xml:25:3-88
14        android:name="android.hardware.touchscreen"
14-->src/main/AndroidManifest.xml:25:17-60
15        android:required="false" />
15-->src/main/AndroidManifest.xml:25:61-85
16    <uses-feature
16-->src/main/AndroidManifest.xml:26:3-99
17        android:name="android.hardware.touchscreen.multitouch"
17-->src/main/AndroidManifest.xml:26:17-71
18        android:required="false" />
18-->src/main/AndroidManifest.xml:26:72-96
19    <uses-feature
19-->src/main/AndroidManifest.xml:27:3-108
20        android:name="android.hardware.touchscreen.multitouch.distinct"
20-->src/main/AndroidManifest.xml:27:17-80
21        android:required="false" />
21-->src/main/AndroidManifest.xml:27:81-105
22
23    <uses-permission android:name="android.permission.WRITE_SETTINGS" />
23-->src/main/AndroidManifest.xml:28:3-71
23-->src/main/AndroidManifest.xml:28:20-68
24    <uses-permission android:name="android.permission.READ_EXTERNAL_STORAGE" />
24-->src/main/AndroidManifest.xml:29:3-78
24-->src/main/AndroidManifest.xml:29:20-75
25
26    <application
26-->src/main/AndroidManifest.xml:3:3-21:17
27        android:extractNativeLibs="true"
27-->src/main/AndroidManifest.xml:3:16-48
28        android:requestLegacyExternalStorage="true" >
28-->src/main/AndroidManifest.xml:3:49-92
29        <activity
29-->src/main/AndroidManifest.xml:4:5-11:16
30            android:name="com.unity3d.player.UnityPlayerActivity"
30-->src/main/AndroidManifest.xml:4:15-68
31            android:configChanges="mcc|mnc|locale|touchscreen|keyboard|keyboardHidden|navigation|orientation|screenLayout|uiMode|screenSize|smallestScreenSize|fontScale|layoutDirection|density"
31-->src/main/AndroidManifest.xml:4:181-362
32            android:exported="true"
32-->src/main/AndroidManifest.xml:4:434-457
33            android:hardwareAccelerated="false"
33-->src/main/AndroidManifest.xml:4:398-433
34            android:launchMode="singleTask"
34-->src/main/AndroidManifest.xml:4:149-180
35            android:resizeableActivity="false"
35-->src/main/AndroidManifest.xml:4:363-397
36            android:screenOrientation="landscape"
36-->src/main/AndroidManifest.xml:4:111-148
37            android:theme="@style/UnityThemeSelector" >
37-->src/main/AndroidManifest.xml:4:69-110
38            <intent-filter>
38-->src/main/AndroidManifest.xml:5:7-8:23
39                <action android:name="android.intent.action.MAIN" />
39-->src/main/AndroidManifest.xml:6:9-61
39-->src/main/AndroidManifest.xml:6:17-58
40
41                <category android:name="android.intent.category.LAUNCHER" />
41-->src/main/AndroidManifest.xml:7:9-69
41-->src/main/AndroidManifest.xml:7:19-66
42            </intent-filter>
43
44            <meta-data
44-->src/main/AndroidManifest.xml:9:7-82
45                android:name="unityplayer.UnityActivity"
45-->src/main/AndroidManifest.xml:9:18-58
46                android:value="true" />
46-->src/main/AndroidManifest.xml:9:59-79
47            <meta-data
47-->src/main/AndroidManifest.xml:10:7-78
48                android:name="android.notch_support"
48-->src/main/AndroidManifest.xml:10:18-54
49                android:value="true" />
49-->src/main/AndroidManifest.xml:10:55-75
50        </activity>
51
52        <meta-data
52-->src/main/AndroidManifest.xml:12:5-69
53            android:name="unity.splash-mode"
53-->src/main/AndroidManifest.xml:12:16-48
54            android:value="0" />
54-->src/main/AndroidManifest.xml:12:49-66
55        <meta-data
55-->src/main/AndroidManifest.xml:13:5-74
56            android:name="unity.splash-enable"
56-->src/main/AndroidManifest.xml:13:16-50
57            android:value="True" />
57-->src/main/AndroidManifest.xml:13:51-71
58        <meta-data
58-->src/main/AndroidManifest.xml:14:5-78
59            android:name="unity.launch-fullscreen"
59-->src/main/AndroidManifest.xml:14:16-54
60            android:value="True" />
60-->src/main/AndroidManifest.xml:14:55-75
61        <meta-data
61-->src/main/AndroidManifest.xml:15:5-81
62            android:name="notch.config"
62-->src/main/AndroidManifest.xml:15:16-43
63            android:value="portrait|landscape" />
63-->src/main/AndroidManifest.xml:15:44-78
64        <meta-data
64-->src/main/AndroidManifest.xml:16:5-84
65            android:name="unity.auto-report-fully-drawn"
65-->src/main/AndroidManifest.xml:16:16-60
66            android:value="true" />
66-->src/main/AndroidManifest.xml:16:61-81
67        <meta-data
67-->src/main/AndroidManifest.xml:17:5-65
68            android:name="pvr.app.type"
68-->src/main/AndroidManifest.xml:17:16-43
69            android:value="vr" />
69-->src/main/AndroidManifest.xml:17:44-62
70        <meta-data
70-->src/main/AndroidManifest.xml:18:5-85
71            android:name="pvr.sdk.version"
71-->src/main/AndroidManifest.xml:18:16-46
72            android:value="XR Platform_1.2.5.3" />
72-->src/main/AndroidManifest.xml:18:47-82
73        <meta-data
73-->src/main/AndroidManifest.xml:19:5-62
74            android:name="enable_cpt"
74-->src/main/AndroidManifest.xml:19:16-41
75            android:value="0" />
75-->src/main/AndroidManifest.xml:19:42-59
76        <meta-data
76-->src/main/AndroidManifest.xml:20:5-75
77            android:name="enable_entitlementcheck"
77-->src/main/AndroidManifest.xml:20:16-54
78            android:value="0" />
78-->src/main/AndroidManifest.xml:20:55-72
79    </application>
80
81</manifest>